  Main.cpp
D:\StudioProject\MatrixVector\MatrixVector\Menu.h(175,1): warning C4267: инициализация: преобразование из "size_t" в "int"; возможна потеря данных
D:\StudioProject\MatrixVector\MatrixVector\Menu.h(291,29): warning C4244: =: преобразование "double" в "int", возможна потеря данных
D:\StudioProject\MatrixVector\MatrixVector\Menu.h(299,1): warning C4267: =: преобразование из "size_t" в "int"; возможна потеря данных
D:\StudioProject\MatrixVector\MatrixVector\Menu.h(311,1): warning C4267: =: преобразование из "size_t" в "int"; возможна потеря данных
D:\StudioProject\MatrixVector\MatrixVector\Menu.h(361,1): warning C4267: =: преобразование из "size_t" в "int"; возможна потеря данных
D:\StudioProject\MatrixVector\MatrixVector\Menu.h(399,1): warning C4267: инициализация: преобразование из "size_t" в "int"; возможна потеря данных
D:\StudioProject\MatrixVector\MatrixVector\Menu.h(426,33): warning C4267: инициализация: преобразование из "size_t" в "unsigned int"; возможна потеря данных
D:\StudioProject\MatrixVector\MatrixVector\Menu.h(438,17): warning C4244: =: преобразование "double" в "int", возможна потеря данных
D:\StudioProject\MatrixVector\MatrixVector\Menu.h(449,26): warning C4267: инициализация: преобразование из "size_t" в "int"; возможна потеря данных
D:\StudioProject\MatrixVector\MatrixVector\Main.cpp(9,15): warning C4244: аргумент: преобразование "time_t" в "unsigned int", возможна потеря данных
D:\StudioProject\MatrixVector\MatrixVector\Main.cpp(82,38): warning C4267: инициализация: преобразование из "size_t" в "int"; возможна потеря данных
D:\StudioProject\MatrixVector\MatrixVector\Main.cpp(96,39): warning C4267: инициализация: преобразование из "size_t" в "int"; возможна потеря данных
D:\StudioProject\MatrixVector\MatrixVector\Main.cpp(136,39): warning C4267: инициализация: преобразование из "size_t" в "int"; возможна потеря данных
D:\StudioProject\MatrixVector\MatrixVector\Main.cpp(176,39): warning C4267: инициализация: преобразование из "size_t" в "int"; возможна потеря данных
D:\StudioProject\MatrixVector\MatrixVector\Main.cpp(208,39): warning C4267: инициализация: преобразование из "size_t" в "int"; возможна потеря данных
D:\StudioProject\MatrixVector\MatrixVector\Main.cpp(231,30): warning C4267: инициализация: преобразование из "size_t" в "int"; возможна потеря данных
D:\StudioProject\MatrixVector\MatrixVector\Main.cpp(232,33): warning C4267: инициализация: преобразование из "size_t" в "int"; возможна потеря данных
D:\StudioProject\MatrixVector\MatrixVector\Main.cpp(243,24): warning C4267: инициализация: преобразование из "size_t" в "int"; возможна потеря данных
D:\StudioProject\MatrixVector\MatrixVector\Main.cpp(256,29): warning C4267: инициализация: преобразование из "size_t" в "int"; возможна потеря данных
  MatrixVector.vcxproj -> D:\StudioProject\MatrixVector\x64\Debug\MatrixVector.exe
